Running: /opt/Xilinx/14.6/ISE_DS/ISE/bin/lin64/unwrapped/fuse -relaunch -intstyle "ise" -incremental -lib "unisims_ver" -lib "unimacro_ver" -lib "xilinxcorelib_ver" -o "/home/mustafa/Dropbox/iseWorkspace/medianSort/medianSort_tb_isim_beh.exe" -prj "/home/mustafa/Dropbox/iseWorkspace/medianSort/medianSort_tb_beh.prj" "work.medianSort_tb" "work.glbl" 
ISim P.68d (signature 0xfbc00daa)
Number of CPUs detected in this system: 4
Turning on mult-threading, number of parallel sub-compilation jobs: 8 
Determining compilation order of HDL files
Analyzing Verilog file "/home/mustafa/Dropbox/iseWorkspace/medianSort/medianSort.v" into library work
Analyzing Verilog file "/home/mustafa/Dropbox/iseWorkspace/medianSort/medianSort_top.v" into library work
Analyzing Verilog file "/home/mustafa/Dropbox/iseWorkspace/medianSort/medianSort_tb.v" into library work
Analyzing Verilog file "/opt/Xilinx/14.6/ISE_DS/ISE//verilog/src/glbl.v" into library work
Starting static elaboration
Completed static elaboration
Fuse Memory Usage: 94632 KB
Fuse CPU Usage: 1330 ms
Compiling module medianSort
Compiling module medianSort_top
Compiling module medianSort_tb
Compiling module glbl
Time Resolution for simulation is 1ps.
Compiled 4 Verilog Units
Built simulation executable /home/mustafa/Dropbox/iseWorkspace/medianSort/medianSort_tb_isim_beh.exe
Fuse Memory Usage: 654892 KB
Fuse CPU Usage: 1340 ms
GCC CPU Usage: 190 ms
